<?xml version="1.0" encoding="UTF-8"?>
<!-- Generated by org.testng.reporters.JUnitReportReporter -->
<testsuite hostname="DESKTOP-QLCOG3E" name="com.infi.google.bas.Bing" tests="1" failures="0" timestamp="28 Apr 2020 03:54:50 GMT" time="0.060" errors="0">
  <testcase name="Verifyurl" time="0.060" classname="com.infi.google.bas.Bing"/>
</testsuite> <!-- com.infi.google.bas.Bing -->
