<?xml version="1.0" encoding="UTF-8"?>
<!-- Generated by org.testng.reporters.JUnitReportReporter -->
<testsuite skipped="0" hostname="DESKTOP-QLCOG3E" name="com.infi.google.bas.Flipkart" tests="1" failures="0" timestamp="2020-04-28T09:39:14 IST" time="0.007" errors="0">
  <testcase name="Verifyurl" time="0.007" classname="com.infi.google.bas.Flipkart"/>
  <system-out/>
</testsuite> <!-- com.infi.google.bas.Flipkart -->
